<?xml version="1.0" encoding="UTF-8"?>
<testng-results skipped="0" failed="1" ignored="0" total="1" passed="0">
  <reporter-output>
    <line>
      <![CDATA[<div "result">I logged into suiteCRM (SKIPPED)</div>]]>
    </line>
    <line>
      <![CDATA[<div "result">I search for &quot;John Doe&quot; (UNDEFINED)</div>]]>
    </line>
    <line>
      <![CDATA[<div "result">link for user &quot;John Doe&quot; should be displayed (UNDEFINED)</div>]]>
    </line>
  </reporter-output>
  <suite name="Default suite" duration-ms="219" started-at="2018-03-21T00:43:55Z" finished-at="2018-03-21T00:43:55Z">
    <groups>
      <group name="cucumber">
        <method signature="AbstractTestNGCucumberTests.runScenario(cucumber.api.testng.PickleEventWrapper, cucumber.api.testng.CucumberFeatureWrapper)[pri:0, instance:com.app.runners.CukesRunner@5f341870]" name="runScenario" class="cucumber.api.testng.AbstractTestNGCucumberTests"/>
      </group> <!-- cucumber -->
    </groups>
    <test name="Default test" duration-ms="219" started-at="2018-03-21T00:43:55Z" finished-at="2018-03-21T00:43:55Z">
      <class name="com.app.runners.CukesRunner">
        <test-method status="PASS" signature="setUpClass()[pri:0, instance:com.app.runners.CukesRunner@5f341870]" name="setUpClass" is-config="true" duration-ms="140" started-at="2018-03-21T00:43:55Z" finished-at="2018-03-21T00:43:55Z">
          <reporter-output>
          </reporter-output>
        </test-method> <!-- setUpClass -->
        <test-method status="FAIL" signature="runScenario(cucumber.api.testng.PickleEventWrapper, cucumber.api.testng.CucumberFeatureWrapper)[pri:0, instance:com.app.runners.CukesRunner@5f341870]" name="runScenario" duration-ms="15" started-at="2018-03-21T00:43:55Z" description="Runs Cucumber Scenarios" data-provider="scenarios" finished-at="2018-03-21T00:43:55Z">
          <params>
            <param index="0">
              <value>
                <![CDATA["Search by contatc name"]]>
              </value>
            </param>
            <param index="1">
              <value>
                <![CDATA["Search by contact name"]]>
              </value>
            </param>
          </params>
          <reporter-output>
            <line>
              <![CDATA[<div "result">I logged into suiteCRM (SKIPPED)</div>]]>
            </line>
            <line>
              <![CDATA[<div "result">I search for &quot;John Doe&quot; (UNDEFINED)</div>]]>
            </line>
            <line>
              <![CDATA[<div "result">link for user &quot;John Doe&quot; should be displayed (UNDEFINED)</div>]]>
            </line>
          </reporter-output>
        </test-method> <!-- runScenario -->
        <test-method status="PASS" signature="tearDownClass()[pri:0, instance:com.app.runners.CukesRunner@5f341870]" name="tearDownClass" is-config="true" duration-ms="16" started-at="2018-03-21T00:43:55Z" finished-at="2018-03-21T00:43:55Z">
          <reporter-output>
          </reporter-output>
        </test-method> <!-- tearDownClass -->
      </class> <!-- com.app.runners.CukesRunner -->
    </test> <!-- Default test -->
  </suite> <!-- Default suite -->
</testng-results>
